Release 14.7 - xst P.20131013 (nt64)
Copyright (c) 1995-2013 Xilinx, Inc.  All rights reserved.
--> Parameter TMPDIR set to xst/projnav.tmp


Total REAL time to Xst completion: 0.00 secs
Total CPU time to Xst completion: 0.06 secs
 
--> Parameter xsthdpdir set to xst


Total REAL time to Xst completion: 0.00 secs
Total CPU time to Xst completion: 0.06 secs
 
--> Reading design: processor_sady_mohamed_19100178.prj

TABLE OF CONTENTS
  1) Synthesis Options Summary
  2) HDL Parsing
  3) HDL Elaboration
  4) HDL Synthesis
       4.1) HDL Synthesis Report
  5) Advanced HDL Synthesis
       5.1) Advanced HDL Synthesis Report
  6) Low Level Synthesis
  7) Partition Report
  8) Design Summary
       8.1) Primitive and Black Box Usage
       8.2) Device utilization summary
       8.3) Partition Resource Summary
       8.4) Timing Report
            8.4.1) Clock Information
            8.4.2) Asynchronous Control Signals Information
            8.4.3) Timing Summary
            8.4.4) Timing Details
            8.4.5) Cross Clock Domains Report


=========================================================================
*                      Synthesis Options Summary                        *
=========================================================================
---- Source Parameters
Input File Name                    : "processor_sady_mohamed_19100178.prj"
Ignore Synthesis Constraint File   : NO

---- Target Parameters
Output File Name                   : "processor_sady_mohamed_19100178"
Output Format                      : NGC
Target Device                      : xc7a100t-3-csg324

---- Source Options
Top Module Name                    : processor_sady_mohamed_19100178
Automatic FSM Extraction           : YES
FSM Encoding Algorithm             : Auto
Safe Implementation                : No
FSM Style                          : LUT
RAM Extraction                     : Yes
RAM Style                          : Auto
ROM Extraction                     : Yes
Shift Register Extraction          : YES
ROM Style                          : Auto
Resource Sharing                   : YES
Asynchronous To Synchronous        : NO
Shift Register Minimum Size        : 2
Use DSP Block                      : Auto
Automatic Register Balancing       : No

---- Target Options
LUT Combining                      : Auto
Reduce Control Sets                : Auto
Add IO Buffers                     : YES
Global Maximum Fanout              : 100000
Add Generic Clock Buffer(BUFG)     : 32
Register Duplication               : YES
Optimize Instantiated Primitives   : NO
Use Clock Enable                   : Auto
Use Synchronous Set                : Auto
Use Synchronous Reset              : Auto
Pack IO Registers into IOBs        : Auto
Equivalent register Removal        : YES

---- General Options
Optimization Goal                  : Speed
Optimization Effort                : 1
Power Reduction                    : NO
Keep Hierarchy                     : No
Netlist Hierarchy                  : As_Optimized
RTL Output                         : Yes
Global Optimization                : AllClockNets
Read Cores                         : YES
Write Timing Constraints           : NO
Cross Clock Analysis               : NO
Hierarchy Separator                : /
Bus Delimiter                      : <>
Case Specifier                     : Maintain
Slice Utilization Ratio            : 100
BRAM Utilization Ratio             : 100
DSP48 Utilization Ratio            : 100
Auto BRAM Packing                  : NO
Slice Utilization Ratio Delta      : 5

=========================================================================


=========================================================================
*                          HDL Parsing                                  *
=========================================================================
Parsing VHDL file "D:\Term 6\Computer_arch\week 6 lab-20220404T095516Z-003\week 6 lab\MIPS_SINGLE_CYCLE_SHADY_MOHAMED_19100178_sec2\SignExtend_ShadyTarek_19100178.vhd" into library work
Parsing entity <SignExtend_ShadyTarek_19100178>.
Parsing architecture <Behavioral> of entity <signextend_shadytarek_19100178>.
Parsing VHDL file "D:\Term 6\Computer_arch\week 6 lab-20220404T095516Z-003\week 6 lab\MIPS_SINGLE_CYCLE_SHADY_MOHAMED_19100178_sec2\ShiftLeft_ShadyTarek_19100178.vhd" into library work
Parsing entity <ShiftLeft_ShadyTarek_19100178>.
Parsing architecture <Behavioral> of entity <shiftleft_shadytarek_19100178>.
Parsing VHDL file "D:\Term 6\Computer_arch\week 6 lab-20220404T095516Z-003\week 6 lab\MIPS_SINGLE_CYCLE_SHADY_MOHAMED_19100178_sec2\reg_FILE_Shady_Mohamed_19100178.vhd" into library work
Parsing entity <reg_file_shady_mohamed_19100178>.
Parsing architecture <Behavioral> of entity <reg_file_shady_mohamed_19100178>.
Parsing VHDL file "D:\Term 6\Computer_arch\week 6 lab-20220404T095516Z-003\week 6 lab\MIPS_SINGLE_CYCLE_SHADY_MOHAMED_19100178_sec2\PcMux2to1.vhd" into library work
Parsing entity <PcMux2to1>.
Parsing architecture <Behavioral> of entity <pcmux2to1>.
Parsing VHDL file "D:\Term 6\Computer_arch\week 6 lab-20220404T095516Z-003\week 6 lab\MIPS_SINGLE_CYCLE_SHADY_MOHAMED_19100178_sec2\PC202_ShadyTarek_19100178.vhd" into library work
Parsing entity <PC202_ShadyTarek_19100178>.
Parsing architecture <Behavioral> of entity <pc202_shadytarek_19100178>.
Parsing VHDL file "D:\Term 6\Computer_arch\week 6 lab-20220404T095516Z-003\week 6 lab\MIPS_SINGLE_CYCLE_SHADY_MOHAMED_19100178_sec2\mux5_ShadyTarek_19100178.vhd" into library work
Parsing entity <mux5_ShadyTarek_19100178>.
Parsing architecture <Behavioral> of entity <mux5_shadytarek_19100178>.
Parsing VHDL file "D:\Term 6\Computer_arch\week 6 lab-20220404T095516Z-003\week 6 lab\MIPS_SINGLE_CYCLE_SHADY_MOHAMED_19100178_sec2\mux32_ShadyTarek_19100178.vhd" into library work
Parsing entity <mux32_ShadyTarek_19100178>.
Parsing architecture <Behavioral> of entity <mux32_shadytarek_19100178>.
Parsing VHDL file "D:\Term 6\Computer_arch\week 6 lab-20220404T095516Z-003\week 6 lab\MIPS_SINGLE_CYCLE_SHADY_MOHAMED_19100178_sec2\instr_memory_shady_19100178.vhd" into library work
Parsing entity <InstructionMemory>.
Parsing architecture <Behavioral> of entity <instructionmemory>.
Parsing VHDL file "D:\Term 6\Computer_arch\week 6 lab-20220404T095516Z-003\week 6 lab\MIPS_SINGLE_CYCLE_SHADY_MOHAMED_19100178_sec2\DAtaMemory_shady_mohamed_19100178.vhd" into library work
Parsing entity <DAtaMemory_shady_mohamed_19100178>.
Parsing architecture <Behavioral> of entity <datamemory_shady_mohamed_19100178>.
Parsing VHDL file "D:\Term 6\Computer_arch\week 6 lab-20220404T095516Z-003\week 6 lab\MIPS_SINGLE_CYCLE_SHADY_MOHAMED_19100178_sec2\CONTROLUNIT_Shady_19100178.vhd" into library work
Parsing entity <CONTROLUNIT_Shady_19100178>.
Parsing architecture <Behavioral> of entity <controlunit_shady_19100178>.
Parsing VHDL file "D:\Term 6\Computer_arch\week 6 lab-20220404T095516Z-003\week 6 lab\MIPS_SINGLE_CYCLE_SHADY_MOHAMED_19100178_sec2\ALU_Shady_Mohamed.vhd" into library work
Parsing entity <ALU_Shady_Mohamed>.
Parsing architecture <Behavioral> of entity <alu_shady_mohamed>.
Parsing VHDL file "D:\Term 6\Computer_arch\week 6 lab-20220404T095516Z-003\week 6 lab\MIPS_SINGLE_CYCLE_SHADY_MOHAMED_19100178_sec2\alu_control_Shady_Mohamed_19100178.vhd" into library work
Parsing entity <alu_control_Shady_Mohamed_19100178>.
Parsing architecture <Behavioral> of entity <alu_control_shady_mohamed_19100178>.
Parsing VHDL file "D:\Term 6\Computer_arch\week 6 lab-20220404T095516Z-003\week 6 lab\MIPS_SINGLE_CYCLE_SHADY_MOHAMED_19100178_sec2\ALUMUX2to1.vhd" into library work
Parsing entity <ALUMUX2to1>.
Parsing architecture <Behavioral> of entity <alumux2to1>.
Parsing VHDL file "D:\Term 6\Computer_arch\week 6 lab-20220404T095516Z-003\week 6 lab\MIPS_SINGLE_CYCLE_SHADY_MOHAMED_19100178_sec2\adde_2022_ShadyTarek_19100178.vhd" into library work
Parsing entity <adde_2022_ShadyTarek_19100178>.
Parsing architecture <Behavioral> of entity <adde_2022_shadytarek_19100178>.
Parsing VHDL file "D:\Term 6\Computer_arch\week 6 lab-20220404T095516Z-003\week 6 lab\MIPS_SINGLE_CYCLE_SHADY_MOHAMED_19100178_sec2\adder4_ShadyTarek19100178.vhd" into library work
Parsing entity <adder4_ShadyTarek19100178>.
Parsing architecture <Behavioral> of entity <adder4_shadytarek19100178>.
Parsing VHDL file "D:\Term 6\Computer_arch\week 6 lab-20220404T095516Z-003\week 6 lab\MIPS_SINGLE_CYCLE_SHADY_MOHAMED_19100178_sec2\processor_sady_mohamed_19100178.vhd" into library work
Parsing entity <processor_sady_mohamed_19100178>.
Parsing architecture <Behavioral> of entity <processor_sady_mohamed_19100178>.
WARNING:HDLCompiler:946 - "D:\Term 6\Computer_arch\week 6 lab-20220404T095516Z-003\week 6 lab\MIPS_SINGLE_CYCLE_SHADY_MOHAMED_19100178_sec2\processor_sady_mohamed_19100178.vhd" Line 218: Actual for formal port s is neither a static name nor a globally static expression

=========================================================================
*                            HDL Elaboration                            *
=========================================================================

Elaborating entity <processor_sady_mohamed_19100178> (architecture <Behavioral>) from library <work>.

Elaborating entity <PC202_ShadyTarek_19100178> (architecture <Behavioral>) from library <work>.

Elaborating entity <adder4_ShadyTarek19100178> (architecture <Behavioral>) from library <work>.

Elaborating entity <InstructionMemory> (architecture <Behavioral>) from library <work>.
WARNING:HDLCompiler:92 - "D:\Term 6\Computer_arch\week 6 lab-20220404T095516Z-003\week 6 lab\MIPS_SINGLE_CYCLE_SHADY_MOHAMED_19100178_sec2\instr_memory_shady_19100178.vhd" Line 63: mem should be on the sensitivity list of the process
WARNING:HDLCompiler:92 - "D:\Term 6\Computer_arch\week 6 lab-20220404T095516Z-003\week 6 lab\MIPS_SINGLE_CYCLE_SHADY_MOHAMED_19100178_sec2\instr_memory_shady_19100178.vhd" Line 64: mem should be on the sensitivity list of the process
WARNING:HDLCompiler:92 - "D:\Term 6\Computer_arch\week 6 lab-20220404T095516Z-003\week 6 lab\MIPS_SINGLE_CYCLE_SHADY_MOHAMED_19100178_sec2\instr_memory_shady_19100178.vhd" Line 65: mem should be on the sensitivity list of the process
WARNING:HDLCompiler:92 - "D:\Term 6\Computer_arch\week 6 lab-20220404T095516Z-003\week 6 lab\MIPS_SINGLE_CYCLE_SHADY_MOHAMED_19100178_sec2\instr_memory_shady_19100178.vhd" Line 66: mem should be on the sensitivity list of the process

Elaborating entity <mux5_ShadyTarek_19100178> (architecture <Behavioral>) from library <work>.

Elaborating entity <PcMux2to1> (architecture <Behavioral>) from library <work>.

Elaborating entity <reg_file_shady_mohamed_19100178> (architecture <Behavioral>) from library <work>.
WARNING:HDLCompiler:92 - "D:\Term 6\Computer_arch\week 6 lab-20220404T095516Z-003\week 6 lab\MIPS_SINGLE_CYCLE_SHADY_MOHAMED_19100178_sec2\reg_FILE_Shady_Mohamed_19100178.vhd" Line 71: registers should be on the sensitivity list of the process
WARNING:HDLCompiler:92 - "D:\Term 6\Computer_arch\week 6 lab-20220404T095516Z-003\week 6 lab\MIPS_SINGLE_CYCLE_SHADY_MOHAMED_19100178_sec2\reg_FILE_Shady_Mohamed_19100178.vhd" Line 72: registers should be on the sensitivity list of the process

Elaborating entity <mux32_ShadyTarek_19100178> (architecture <Behavioral>) from library <work>.

Elaborating entity <ALU_Shady_Mohamed> (architecture <Behavioral>) from library <work>.

Elaborating entity <alu_control_Shady_Mohamed_19100178> (architecture <Behavioral>) from library <work>.

Elaborating entity <adde_2022_ShadyTarek_19100178> (architecture <Behavioral>) from library <work>.

Elaborating entity <ShiftLeft_ShadyTarek_19100178> (architecture <Behavioral>) from library <work>.

Elaborating entity <SignExtend_ShadyTarek_19100178> (architecture <Behavioral>) from library <work>.

Elaborating entity <CONTROLUNIT_Shady_19100178> (architecture <Behavioral>) from library <work>.

Elaborating entity <ALUMUX2to1> (architecture <Behavioral>) from library <work>.

Elaborating entity <DAtaMemory_shady_mohamed_19100178> (architecture <Behavioral>) from library <work>.
WARNING:HDLCompiler:92 - "D:\Term 6\Computer_arch\week 6 lab-20220404T095516Z-003\week 6 lab\MIPS_SINGLE_CYCLE_SHADY_MOHAMED_19100178_sec2\DAtaMemory_shady_mohamed_19100178.vhd" Line 62: data_memory should be on the sensitivity list of the process
WARNING:HDLCompiler:92 - "D:\Term 6\Computer_arch\week 6 lab-20220404T095516Z-003\week 6 lab\MIPS_SINGLE_CYCLE_SHADY_MOHAMED_19100178_sec2\DAtaMemory_shady_mohamed_19100178.vhd" Line 63: data_memory should be on the sensitivity list of the process
WARNING:HDLCompiler:92 - "D:\Term 6\Computer_arch\week 6 lab-20220404T095516Z-003\week 6 lab\MIPS_SINGLE_CYCLE_SHADY_MOHAMED_19100178_sec2\DAtaMemory_shady_mohamed_19100178.vhd" Line 64: data_memory should be on the sensitivity list of the process
WARNING:HDLCompiler:92 - "D:\Term 6\Computer_arch\week 6 lab-20220404T095516Z-003\week 6 lab\MIPS_SINGLE_CYCLE_SHADY_MOHAMED_19100178_sec2\DAtaMemory_shady_mohamed_19100178.vhd" Line 65: data_memory should be on the sensitivity list of the process
WARNING:Xst:2972 - "D:\Term 6\Computer_arch\week 6 lab-20220404T095516Z-003\week 6 lab\MIPS_SINGLE_CYCLE_SHADY_MOHAMED_19100178_sec2\processor_sady_mohamed_19100178.vhd" line 188. All outputs of instance <Inst_PC202_ShadyTarek_19100178> of block <PC202_ShadyTarek_19100178> are unconnected in block <processor_sady_mohamed_19100178>. Underlying logic will be removed.
WARNING:Xst:2972 - "D:\Term 6\Computer_arch\week 6 lab-20220404T095516Z-003\week 6 lab\MIPS_SINGLE_CYCLE_SHADY_MOHAMED_19100178_sec2\processor_sady_mohamed_19100178.vhd" line 195. All outputs of instance <Inst_adder4_ShadyTarek19100178> of block <adder4_ShadyTarek19100178> are unconnected in block <processor_sady_mohamed_19100178>. Underlying logic will be removed.
WARNING:Xst:2972 - "D:\Term 6\Computer_arch\week 6 lab-20220404T095516Z-003\week 6 lab\MIPS_SINGLE_CYCLE_SHADY_MOHAMED_19100178_sec2\processor_sady_mohamed_19100178.vhd" line 200. All outputs of instance <Inst_InstructionMemory> of block <InstructionMemory> are unconnected in block <processor_sady_mohamed_19100178>. Underlying logic will be removed.
WARNING:Xst:2972 - "D:\Term 6\Computer_arch\week 6 lab-20220404T095516Z-003\week 6 lab\MIPS_SINGLE_CYCLE_SHADY_MOHAMED_19100178_sec2\processor_sady_mohamed_19100178.vhd" line 206. All outputs of instance <Inst_mux5_ShadyTarek_19100178> of block <mux5_ShadyTarek_19100178> are unconnected in block <processor_sady_mohamed_19100178>. Underlying logic will be removed.
WARNING:Xst:2972 - "D:\Term 6\Computer_arch\week 6 lab-20220404T095516Z-003\week 6 lab\MIPS_SINGLE_CYCLE_SHADY_MOHAMED_19100178_sec2\processor_sady_mohamed_19100178.vhd" line 215. All outputs of instance <Inst_PcMux2to1> of block <PcMux2to1> are unconnected in block <processor_sady_mohamed_19100178>. Underlying logic will be removed.
WARNING:Xst:2972 - "D:\Term 6\Computer_arch\week 6 lab-20220404T095516Z-003\week 6 lab\MIPS_SINGLE_CYCLE_SHADY_MOHAMED_19100178_sec2\processor_sady_mohamed_19100178.vhd" line 222. All outputs of instance <Inst_reg_file_shady_mohamed_19100178> of block <reg_file_shady_mohamed_19100178> are unconnected in block <processor_sady_mohamed_19100178>. Underlying logic will be removed.
WARNING:Xst:2972 - "D:\Term 6\Computer_arch\week 6 lab-20220404T095516Z-003\week 6 lab\MIPS_SINGLE_CYCLE_SHADY_MOHAMED_19100178_sec2\processor_sady_mohamed_19100178.vhd" line 233. All outputs of instance <Inst_mux32_ShadyTarek_19100178> of block <mux32_ShadyTarek_19100178> are unconnected in block <processor_sady_mohamed_19100178>. Underlying logic will be removed.
WARNING:Xst:2972 - "D:\Term 6\Computer_arch\week 6 lab-20220404T095516Z-003\week 6 lab\MIPS_SINGLE_CYCLE_SHADY_MOHAMED_19100178_sec2\processor_sady_mohamed_19100178.vhd" line 241. All outputs of instance <Inst_ALU_Shady_Mohamed> of block <ALU_Shady_Mohamed> are unconnected in block <processor_sady_mohamed_19100178>. Underlying logic will be removed.
WARNING:Xst:2972 - "D:\Term 6\Computer_arch\week 6 lab-20220404T095516Z-003\week 6 lab\MIPS_SINGLE_CYCLE_SHADY_MOHAMED_19100178_sec2\processor_sady_mohamed_19100178.vhd" line 249. All outputs of instance <Inst_alu_control_Shady_Mohamed_19100178> of block <alu_control_Shady_Mohamed_19100178> are unconnected in block <processor_sady_mohamed_19100178>. Underlying logic will be removed.
WARNING:Xst:2972 - "D:\Term 6\Computer_arch\week 6 lab-20220404T095516Z-003\week 6 lab\MIPS_SINGLE_CYCLE_SHADY_MOHAMED_19100178_sec2\processor_sady_mohamed_19100178.vhd" line 255. All outputs of instance <Inst_adde_2022_ShadyTarek_19100178> of block <adde_2022_ShadyTarek_19100178> are unconnected in block <processor_sady_mohamed_19100178>. Underlying logic will be removed.
WARNING:Xst:2972 - "D:\Term 6\Computer_arch\week 6 lab-20220404T095516Z-003\week 6 lab\MIPS_SINGLE_CYCLE_SHADY_MOHAMED_19100178_sec2\processor_sady_mohamed_19100178.vhd" line 262. All outputs of instance <Inst_ShiftLeft_ShadyTarek_19100178> of block <ShiftLeft_ShadyTarek_19100178> are unconnected in block <processor_sady_mohamed_19100178>. Underlying logic will be removed.
WARNING:Xst:2972 - "D:\Term 6\Computer_arch\week 6 lab-20220404T095516Z-003\week 6 lab\MIPS_SINGLE_CYCLE_SHADY_MOHAMED_19100178_sec2\processor_sady_mohamed_19100178.vhd" line 267. All outputs of instance <Inst_SignExtend_ShadyTarek_19100178> of block <SignExtend_ShadyTarek_19100178> are unconnected in block <processor_sady_mohamed_19100178>. Underlying logic will be removed.
WARNING:Xst:2972 - "D:\Term 6\Computer_arch\week 6 lab-20220404T095516Z-003\week 6 lab\MIPS_SINGLE_CYCLE_SHADY_MOHAMED_19100178_sec2\processor_sady_mohamed_19100178.vhd" line 272. All outputs of instance <Inst_CONTROLUNIT_Shady_19100178> of block <CONTROLUNIT_Shady_19100178> are unconnected in block <processor_sady_mohamed_19100178>. Underlying logic will be removed.
WARNING:Xst:2972 - "D:\Term 6\Computer_arch\week 6 lab-20220404T095516Z-003\week 6 lab\MIPS_SINGLE_CYCLE_SHADY_MOHAMED_19100178_sec2\processor_sady_mohamed_19100178.vhd" line 285. All outputs of instance <Inst_ALUMUX2to1> of block <ALUMUX2to1> are unconnected in block <processor_sady_mohamed_19100178>. Underlying logic will be removed.
WARNING:Xst:2972 - "D:\Term 6\Computer_arch\week 6 lab-20220404T095516Z-003\week 6 lab\MIPS_SINGLE_CYCLE_SHADY_MOHAMED_19100178_sec2\processor_sady_mohamed_19100178.vhd" line 294. All outputs of instance <Inst_DAtaMemory_shady_mohamed_19100178> of block <DAtaMemory_shady_mohamed_19100178> are unconnected in block <processor_sady_mohamed_19100178>. Underlying logic will be removed.

=========================================================================
*                           HDL Synthesis                               *
=========================================================================

Synthesizing Unit <processor_sady_mohamed_19100178>.
    Related source file is "D:\Term 6\Computer_arch\week 6 lab-20220404T095516Z-003\week 6 lab\MIPS_SINGLE_CYCLE_SHADY_MOHAMED_19100178_sec2\processor_sady_mohamed_19100178.vhd".
    Summary:
	no macro.
Unit <processor_sady_mohamed_19100178> synthesized.

=========================================================================
HDL Synthesis Report

Found no macro
=========================================================================

=========================================================================
*                       Advanced HDL Synthesis                          *
=========================================================================


=========================================================================
Advanced HDL Synthesis Report

Found no macro
=========================================================================

=========================================================================
*                         Low Level Synthesis                           *
=========================================================================

Optimizing unit <processor_sady_mohamed_19100178> ...

Mapping all equations...
Building and optimizing final netlist ...
Found area constraint ratio of 100 (+ 5) on block processor_sady_mohamed_19100178, actual ratio is 0.

Final Macro Processing ...

=========================================================================
Final Register Report

Found no macro
=========================================================================

=========================================================================
*                           Partition Report                            *
=========================================================================

Partition Implementation Status
-------------------------------

  No Partitions were found in this design.

-------------------------------

=========================================================================
*                            Design Summary                             *
=========================================================================

Top Level Output File Name         : processor_sady_mohamed_19100178.ngc

Primitive and Black Box Usage:
------------------------------

Device utilization summary:
---------------------------

Selected Device : 7a100tcsg324-3 


Slice Logic Utilization: 

Slice Logic Distribution: 
 Number of LUT Flip Flop pairs used:      0
   Number with an unused Flip Flop:       0  out of      0         
   Number with an unused LUT:             0  out of      0         
   Number of fully used LUT-FF pairs:     0  out of      0         
   Number of unique control sets:         0

IO Utilization: 
 Number of IOs:                           1
 Number of bonded IOBs:                   0  out of    210     0%  

Specific Feature Utilization:

---------------------------
Partition Resource Summary:
---------------------------

  No Partitions were found in this design.

---------------------------


=========================================================================
Timing Report

NOTE: THESE TIMING NUMBERS ARE ONLY A SYNTHESIS ESTIMATE.
      FOR ACCURATE TIMING INFORMATION PLEASE REFER TO THE TRACE REPORT
      GENERATED AFTER PLACE-and-ROUTE.

Clock Information:
------------------
No clock signals found in this design

Asynchronous Control Signals Information:
----------------------------------------
No asynchronous control signals found in this design

Timing Summary:
---------------
Speed Grade: -3

   Minimum period: No path found
   Minimum input arrival time before clock: No path found
   Maximum output required time after clock: No path found
   Maximum combinational path delay: No path found

Timing Details:
---------------
All values displayed in nanoseconds (ns)

=========================================================================

Cross Clock Domains Report:
--------------------------

=========================================================================


Total REAL time to Xst completion: 5.00 secs
Total CPU time to Xst completion: 4.84 secs
 
--> 

Total memory usage is 4695600 kilobytes

Number of errors   :    0 (   0 filtered)
Number of warnings :   26 (   0 filtered)
Number of infos    :    0 (   0 filtered)

